<?xml version="1.0" encoding="UTF-8"?>
<!-- Generated by org.testng.reporters.JUnitReportReporter -->
<testsuite hostname="DESKTOP-C7NA17M" failures="0" tests="1" name="testing.APIFramework.BreakingAPI" time="5.619" errors="0" timestamp="2021-02-22T13:30:29 BOT" skipped="0">
  <testcase classname="testing.APIFramework.BreakingAPI" name="getRequest" time="5.619"/>
  <system-out/>
</testsuite> <!-- testing.APIFramework.BreakingAPI -->
