<?xml version="1.0" encoding="UTF-8"?>
<!-- Generated by org.testng.reporters.JUnitReportReporter -->
<testsuite hostname="DESKTOP-C7NA17M" failures="0" tests="2" name="com.breakingbadapi.qa.test.BreakingAPITest" time="6.437" errors="0" timestamp="23 Feb 2021 13:15:58 GMT" skipped="0">
  <testcase classname="com.breakingbadapi.qa.test.BreakingAPITest" name="getBirthdayDate" time="5.296"/>
  <testcase classname="com.breakingbadapi.qa.test.BreakingAPITest" name="getNameAndPortrayed" time="1.141"/>
</testsuite> <!-- com.breakingbadapi.qa.test.BreakingAPITest -->
