<?xml version="1.0" encoding="UTF-8"?>
<!-- Generated by org.testng.reporters.JUnitReportReporter -->
<testsuite hostname="DESKTOP-C7NA17M" failures="0" tests="1" name="com.breakingbadapi.qa.test.BreakingAPITest" time="3.895" errors="0" timestamp="23 Feb 2021 15:41:22 GMT" skipped="0">
  <testcase classname="com.breakingbadapi.qa.test.BreakingAPITest" name="getBirthdayDate" time="3.895"/>
</testsuite> <!-- com.breakingbadapi.qa.test.BreakingAPITest -->
